<?xml version="1.0" encoding="UTF-8"?>
<!-- Generated by org.testng.reporters.JUnitReportReporter -->
<testsuite hostname="LAPTOP-9GEG7RRJ" name="AmazonTestPackage.TestAmazonHomepage" tests="1" failures="0" timestamp="15 Jul 2022 09:15:27 GMT" time="4.540" errors="0">
  <testcase name="AmazonLandPage" time="4.540" classname="AmazonTestPackage.TestAmazonHomepage"/>
</testsuite> <!-- AmazonTestPackage.TestAmazonHomepage -->
