<?xml version="1.0" encoding="UTF-8"?>
<!-- Generated by org.testng.reporters.JUnitReportReporter -->
<testsuite hostname="LAPTOP-9GEG7RRJ" name="AmazonTestPackage.TestAmazonHomepage" tests="1" failures="0" timestamp="18 Jul 2022 14:36:45 GMT" time="3.698" errors="0">
  <testcase name="AmazonLandPage" time="3.698" classname="AmazonTestPackage.TestAmazonHomepage"/>
</testsuite> <!-- AmazonTestPackage.TestAmazonHomepage -->
