<?xml version="1.0" encoding="UTF-8"?>
<!-- Generated by org.testng.reporters.JUnitReportReporter -->
<testsuite hostname="LAPTOP-9GEG7RRJ" name="test.TestAmazonHomepage" tests="1" failures="0" timestamp="22 Jul 2022 12:09:13 GMT" time="4.354" errors="0">
  <testcase name="AmazonLandPage" time="4.354" classname="test.TestAmazonHomepage"/>
</testsuite> <!-- test.TestAmazonHomepage -->
