<?xml version="1.0" encoding="UTF-8"?>
<!-- Generated by org.testng.reporters.JUnitReportReporter -->
<testsuite hostname="LAPTOP-9GEG7RRJ" name="AmazonTestPackage.TestAmazonHomepage" tests="1" failures="0" timestamp="19 Jul 2022 13:48:00 GMT" time="7.556" errors="0">
  <testcase name="AmazonLandPage" time="7.556" classname="AmazonTestPackage.TestAmazonHomepage"/>
</testsuite> <!-- AmazonTestPackage.TestAmazonHomepage -->
