<?xml version="1.0" encoding="UTF-8"?>
<!-- Generated by org.testng.reporters.JUnitReportReporter -->
<testsuite hostname="LAPTOP-9GEG7RRJ" name="test.TestGoogleHomepage" tests="1" failures="0" timestamp="22 Jul 2022 12:09:23 GMT" time="4.470" errors="0">
  <testcase name="GoogleWelcome" time="4.470" classname="test.TestGoogleHomepage"/>
</testsuite> <!-- test.TestGoogleHomepage -->
