<?xml version="1.0" encoding="UTF-8"?>
<!-- Generated by org.testng.reporters.JUnitReportReporter -->
<testsuite hostname="LAPTOP-9GEG7RRJ" name="GoogleTestPackage.TestGoogleHomepage" tests="1" failures="0" timestamp="19 Jul 2022 13:48:02 GMT" time="0.015" errors="0">
  <testcase name="GoogleWelcome" time="0.015" classname="GoogleTestPackage.TestGoogleHomepage"/>
</testsuite> <!-- GoogleTestPackage.TestGoogleHomepage -->
